app/build/intermediates/manifest_merge_blame_file/debug/manifest-merger-blame-debug-report.txt
1<?xml version="1.0" encoding="utf-8"?>
2<manifest xmlns:android="http://schemas.android.com/apk/res/android"
3    package="com.kevin.easyandroid"
4    android:versionCode="1"
5    android:versionName="1.0" >
6
7    <uses-sdk
8        android:minSdkVersion="23"
8-->src/main/AndroidManifest.xml
9        android:targetSdkVersion="32" />
9-->src/main/AndroidManifest.xml
10
11    <uses-permission android:name="android.permission.INTERNET" />
11-->[:library:httplibrary] AndroidManifest.xml:10:5-67
11-->[:library:httplibrary] AndroidManifest.xml:10:22-64
12
13    <application
13-->src/main/AndroidManifest.xml:7:5-35:19
14        android:allowBackup="true"
14-->src/main/AndroidManifest.xml:8:9-35
15        android:appComponentFactory="androidx.core.app.CoreComponentFactory"
15-->[androidx.core:core:1.7.0] AndroidManifest.xml:24:18-86
16        android:debuggable="true"
17        android:extractNativeLibs="false"
18        android:icon="@mipmap/ic_launcher"
18-->src/main/AndroidManifest.xml:9:9-43
19        android:label="@string/app_name"
19-->src/main/AndroidManifest.xml:10:9-41
20        android:networkSecurityConfig="@xml/network_security_config"
20-->[:library:httplibrary] AndroidManifest.xml:13:9-69
21        android:roundIcon="@mipmap/ic_launcher_round"
21-->src/main/AndroidManifest.xml:11:9-54
22        android:supportsRtl="true"
22-->src/main/AndroidManifest.xml:12:9-35
23        android:theme="@style/Theme.EasyAndroid" >
23-->src/main/AndroidManifest.xml:13:9-49
24        <activity
24-->src/main/AndroidManifest.xml:15:9-25:20
25            android:name="com.kevin.easyandroid.SplashActivity"
25-->src/main/AndroidManifest.xml:16:13-43
26            android:exported="true"
26-->src/main/AndroidManifest.xml:17:13-36
27            android:theme="@style/Theme.MaterialComponents.Light.NoActionBar" >
27-->src/main/AndroidManifest.xml:18:13-78
28            <intent-filter>
28-->src/main/AndroidManifest.xml:19:13-24:29
29                <action android:name="android.intent.action.MAIN" />
29-->src/main/AndroidManifest.xml:20:17-69
29-->src/main/AndroidManifest.xml:20:25-66
30                <action android:name="android.intent.action.VIEW" />
30-->src/main/AndroidManifest.xml:21:17-69
30-->src/main/AndroidManifest.xml:21:25-66
31
32                <category android:name="android.intent.category.LAUNCHER" />
32-->src/main/AndroidManifest.xml:23:17-77
32-->src/main/AndroidManifest.xml:23:27-74
33            </intent-filter>
34        </activity>
35        <activity
35-->src/main/AndroidManifest.xml:26:9-29:49
36            android:name="com.kevin.easyandroid.LoginActivity"
36-->src/main/AndroidManifest.xml:27:13-42
37            android:exported="false"
37-->src/main/AndroidManifest.xml:28:13-37
38            android:label="@string/app_login" />
38-->src/main/AndroidManifest.xml:29:13-46
39        <activity
39-->src/main/AndroidManifest.xml:30:9-34:47
40            android:name="com.kevin.easyandroid.MainActivity"
40-->src/main/AndroidManifest.xml:31:13-41
41            android:exported="false"
41-->src/main/AndroidManifest.xml:32:13-37
42            android:label="@string/app_home"
42-->src/main/AndroidManifest.xml:33:13-45
43            android:launchMode="singleTask" />
43-->src/main/AndroidManifest.xml:34:13-44
44    </application>
45
46</manifest>